d:\2023\강의\암호학 프로그래밍\consoleapplication1\consoleapplication1\debug\vc140.pdb
d:\2023\강의\암호학 프로그래밍\consoleapplication1\consoleapplication1\debug\vc140.idb
d:\2023\강의\암호학 프로그래밍\consoleapplication1\consoleapplication1\debug\operation.obj
g:\.shortcut-targets-by-id\11uyzku5ui8endaiqu1u8z5p4-ssz9_if\회사\호서대학교\강의자료\2024년도 1학기\암호학프로그래밍\수업용 연습\consoleapplication1\consoleapplication1\debug\vc143.pdb
d:\2023\강의\암호학 프로그래밍\consoleapplication1\debug\consoleapplication1.ilk
d:\2023\강의\암호학 프로그래밍\consoleapplication1\debug\consoleapplication1.exe
d:\2023\강의\암호학 프로그래밍\consoleapplication1\debug\consoleapplication1.pdb
g:\.shortcut-targets-by-id\11uyzku5ui8endaiqu1u8z5p4-ssz9_if\회사\호서대학교\강의자료\2024년도 1학기\암호학프로그래밍\수업용 연습\consoleapplication1\consoleapplication1\debug\operation.obj
g:\.shortcut-targets-by-id\11uyzku5ui8endaiqu1u8z5p4-ssz9_if\회사\호서대학교\강의자료\2024년도 1학기\암호학프로그래밍\수업용 연습\consoleapplication1\consoleapplication1\debug\consoleapplication1.ilk
g:\.shortcut-targets-by-id\11uyzku5ui8endaiqu1u8z5p4-ssz9_if\회사\호서대학교\강의자료\2024년도 1학기\암호학프로그래밍\수업용 연습\consoleapplication1\consoleapplication1\debug\vc140.idb
g:\.shortcut-targets-by-id\11uyzku5ui8endaiqu1u8z5p4-ssz9_if\회사\호서대학교\강의자료\2024년도 1학기\암호학프로그래밍\수업용 연습\consoleapplication1\consoleapplication1\debug\vc143.idb
g:\.shortcut-targets-by-id\11uyzku5ui8endaiqu1u8z5p4-ssz9_if\회사\호서대학교\강의자료\2024년도 1학기\암호학프로그래밍\수업용 연습\consoleapplication1\consoleapplication1\debug\vc140.pdb
g:\.shortcut-targets-by-id\11uyzku5ui8endaiqu1u8z5p4-ssz9_if\회사\호서대학교\강의자료\2024년도 1학기\암호학프로그래밍\수업용 연습\consoleapplication1\debug\consoleapplication1.pdb
g:\.shortcut-targets-by-id\11uyzku5ui8endaiqu1u8z5p4-ssz9_if\회사\호서대학교\강의자료\2024년도 1학기\암호학프로그래밍\수업용 연습\consoleapplication1\debug\consoleapplication1.exe
g:\.shortcut-targets-by-id\11uyzku5ui8endaiqu1u8z5p4-ssz9_if\회사\호서대학교\강의자료\2024년도 1학기\암호학프로그래밍\수업용 연습\consoleapplication1\debug\consoleapplication1.ilk
g:\.shortcut-targets-by-id\11uyzku5ui8endaiqu1u8z5p4-ssz9_if\회사\호서대학교\강의자료\2024년도 1학기\암호학프로그래밍\수업용 연습\consoleapplication1\consoleapplication1\debug\consolea.e9849af6.tlog\cl.command.1.tlog
g:\.shortcut-targets-by-id\11uyzku5ui8endaiqu1u8z5p4-ssz9_if\회사\호서대학교\강의자료\2024년도 1학기\암호학프로그래밍\수업용 연습\consoleapplication1\consoleapplication1\debug\consolea.e9849af6.tlog\cl.read.1.tlog
g:\.shortcut-targets-by-id\11uyzku5ui8endaiqu1u8z5p4-ssz9_if\회사\호서대학교\강의자료\2024년도 1학기\암호학프로그래밍\수업용 연습\consoleapplication1\consoleapplication1\debug\consolea.e9849af6.tlog\cl.write.1.tlog
g:\.shortcut-targets-by-id\11uyzku5ui8endaiqu1u8z5p4-ssz9_if\회사\호서대학교\강의자료\2024년도 1학기\암호학프로그래밍\수업용 연습\consoleapplication1\consoleapplication1\debug\consolea.e9849af6.tlog\link.command.1.tlog
g:\.shortcut-targets-by-id\11uyzku5ui8endaiqu1u8z5p4-ssz9_if\회사\호서대학교\강의자료\2024년도 1학기\암호학프로그래밍\수업용 연습\consoleapplication1\consoleapplication1\debug\consolea.e9849af6.tlog\link.read.1.tlog
g:\.shortcut-targets-by-id\11uyzku5ui8endaiqu1u8z5p4-ssz9_if\회사\호서대학교\강의자료\2024년도 1학기\암호학프로그래밍\수업용 연습\consoleapplication1\consoleapplication1\debug\consolea.e9849af6.tlog\link.write.1.tlog
